<?xml version="1.0" encoding="UTF-8"?>
<testsuite xmlns:xsi="http://www.w3.org/2001/XMLSchema-instance" xsi:noNamespaceSchemaLocation="https://maven.apache.org/surefire/maven-surefire-plugin/xsd/surefire-test-report-3.0.xsd" version="3.0" name="network.NetworkTopologyTest" time="0.054" tests="13" errors="0" skipped="0" failures="0">
  <properties>
    <property name="java.specification.version" value="24"/>
    <property name="sun.jnu.encoding" value="UTF-8"/>
    <property name="java.class.path" value="/Users/penguin/trend-effect-sar/target/test-classes:/Users/penguin/trend-effect-sar/target/classes:/Users/penguin/.m2/repository/com/fasterxml/jackson/core/jackson-databind/2.15.2/jackson-databind-2.15.2.jar:/Users/penguin/.m2/repository/com/fasterxml/jackson/core/jackson-annotations/2.15.2/jackson-annotations-2.15.2.jar:/Users/penguin/.m2/repository/com/fasterxml/jackson/core/jackson-core/2.15.2/jackson-core-2.15.2.jar:/Users/penguin/.m2/repository/org/junit/jupiter/junit-jupiter/5.9.2/junit-jupiter-5.9.2.jar:/Users/penguin/.m2/repository/org/junit/jupiter/junit-jupiter-api/5.9.2/junit-jupiter-api-5.9.2.jar:/Users/penguin/.m2/repository/org/opentest4j/opentest4j/1.2.0/opentest4j-1.2.0.jar:/Users/penguin/.m2/repository/org/junit/platform/junit-platform-commons/1.9.2/junit-platform-commons-1.9.2.jar:/Users/penguin/.m2/repository/org/apiguardian/apiguardian-api/1.1.2/apiguardian-api-1.1.2.jar:/Users/penguin/.m2/repository/org/junit/jupiter/junit-jupiter-params/5.9.2/junit-jupiter-params-5.9.2.jar:/Users/penguin/.m2/repository/org/junit/jupiter/junit-jupiter-engine/5.9.2/junit-jupiter-engine-5.9.2.jar:/Users/penguin/.m2/repository/org/junit/platform/junit-platform-engine/1.9.2/junit-platform-engine-1.9.2.jar:"/>
    <property name="java.vm.vendor" value="Homebrew"/>
    <property name="sun.arch.data.model" value="64"/>
    <property name="java.vendor.url" value="https://github.com/Homebrew/homebrew-core/issues"/>
    <property name="os.name" value="Mac OS X"/>
    <property name="java.vm.specification.version" value="24"/>
    <property name="sun.java.launcher" value="SUN_STANDARD"/>
    <property name="user.country" value="JP"/>
    <property name="sun.boot.library.path" value="/opt/homebrew/Cellar/openjdk/24.0.2/libexec/openjdk.jdk/Contents/Home/lib"/>
    <property name="sun.java.command" value="/Users/penguin/trend-effect-sar/target/surefire/surefirebooter-20250802154632301_3.jar /Users/penguin/trend-effect-sar/target/surefire 2025-08-02T15-46-32_275-jvmRun1 surefire-20250802154632301_1tmp surefire_0-20250802154632301_2tmp"/>
    <property name="http.nonProxyHosts" value="local|*.local|169.254/16|*.169.254/16"/>
    <property name="jdk.debug" value="release"/>
    <property name="surefire.test.class.path" value="/Users/penguin/trend-effect-sar/target/test-classes:/Users/penguin/trend-effect-sar/target/classes:/Users/penguin/.m2/repository/com/fasterxml/jackson/core/jackson-databind/2.15.2/jackson-databind-2.15.2.jar:/Users/penguin/.m2/repository/com/fasterxml/jackson/core/jackson-annotations/2.15.2/jackson-annotations-2.15.2.jar:/Users/penguin/.m2/repository/com/fasterxml/jackson/core/jackson-core/2.15.2/jackson-core-2.15.2.jar:/Users/penguin/.m2/repository/org/junit/jupiter/junit-jupiter/5.9.2/junit-jupiter-5.9.2.jar:/Users/penguin/.m2/repository/org/junit/jupiter/junit-jupiter-api/5.9.2/junit-jupiter-api-5.9.2.jar:/Users/penguin/.m2/repository/org/opentest4j/opentest4j/1.2.0/opentest4j-1.2.0.jar:/Users/penguin/.m2/repository/org/junit/platform/junit-platform-commons/1.9.2/junit-platform-commons-1.9.2.jar:/Users/penguin/.m2/repository/org/apiguardian/apiguardian-api/1.1.2/apiguardian-api-1.1.2.jar:/Users/penguin/.m2/repository/org/junit/jupiter/junit-jupiter-params/5.9.2/junit-jupiter-params-5.9.2.jar:/Users/penguin/.m2/repository/org/junit/jupiter/junit-jupiter-engine/5.9.2/junit-jupiter-engine-5.9.2.jar:/Users/penguin/.m2/repository/org/junit/platform/junit-platform-engine/1.9.2/junit-platform-engine-1.9.2.jar:"/>
    <property name="sun.cpu.endian" value="little"/>
    <property name="user.home" value="/Users/penguin"/>
    <property name="user.language" value="ja"/>
    <property name="java.specification.vendor" value="Oracle Corporation"/>
    <property name="java.version.date" value="2025-07-15"/>
    <property name="java.home" value="/opt/homebrew/Cellar/openjdk/24.0.2/libexec/openjdk.jdk/Contents/Home"/>
    <property name="file.separator" value="/"/>
    <property name="basedir" value="/Users/penguin/trend-effect-sar"/>
    <property name="java.vm.compressedOopsMode" value="Zero based"/>
    <property name="line.separator" value="&#10;"/>
    <property name="java.vm.specification.vendor" value="Oracle Corporation"/>
    <property name="java.specification.name" value="Java Platform API Specification"/>
    <property name="apple.awt.application.name" value="ForkedBooter"/>
    <property name="surefire.real.class.path" value="/Users/penguin/trend-effect-sar/target/surefire/surefirebooter-20250802154632301_3.jar"/>
    <property name="sun.management.compiler" value="HotSpot 64-Bit Tiered Compilers"/>
    <property name="ftp.nonProxyHosts" value="local|*.local|169.254/16|*.169.254/16"/>
    <property name="java.runtime.version" value="24.0.2"/>
    <property name="user.name" value="penguin"/>
    <property name="stdout.encoding" value="UTF-8"/>
    <property name="path.separator" value=":"/>
    <property name="os.version" value="15.3.1"/>
    <property name="java.runtime.name" value="OpenJDK Runtime Environment"/>
    <property name="file.encoding" value="UTF-8"/>
    <property name="java.vm.name" value="OpenJDK 64-Bit Server VM"/>
    <property name="java.vendor.version" value="Homebrew"/>
    <property name="localRepository" value="/Users/penguin/.m2/repository"/>
    <property name="java.vendor.url.bug" value="https://github.com/Homebrew/homebrew-core/issues"/>
    <property name="java.io.tmpdir" value="/var/folders/09/j85mstd94qj5lgjkz2tj7c8c0000gn/T/"/>
    <property name="java.version" value="24.0.2"/>
    <property name="user.dir" value="/Users/penguin/trend-effect-sar"/>
    <property name="os.arch" value="aarch64"/>
    <property name="java.vm.specification.name" value="Java Virtual Machine Specification"/>
    <property name="native.encoding" value="UTF-8"/>
    <property name="java.library.path" value="/Users/penguin/Library/Java/Extensions:/Library/Java/Extensions:/Network/Library/Java/Extensions:/System/Library/Java/Extensions:/usr/lib/java:."/>
    <property name="java.vm.info" value="mixed mode, sharing"/>
    <property name="stderr.encoding" value="UTF-8"/>
    <property name="java.vendor" value="Homebrew"/>
    <property name="java.vm.version" value="24.0.2"/>
    <property name="sun.io.unicode.encoding" value="UnicodeBig"/>
    <property name="socksNonProxyHosts" value="local|*.local|169.254/16|*.169.254/16"/>
    <property name="java.class.version" value="68.0"/>
  </properties>
  <testcase name="testBA(int, int, int)[1]" classname="network.NetworkTopologyTest" time="0.016">
    <system-out><![CDATA[--------------------------------
ノード数: 20
総エッジ数: 40
最大次数: 9
最小次数: 2
平均次数: 4.0

]]></system-out>
  </testcase>
  <testcase name="testBA(int, int, int)[2]" classname="network.NetworkTopologyTest" time="0.001">
    <system-out><![CDATA[--------------------------------
ノード数: 30
総エッジ数: 87
最大次数: 16
最小次数: 3
平均次数: 5.8

]]></system-out>
  </testcase>
  <testcase name="testBA(int, int, int)[3]" classname="network.NetworkTopologyTest" time="0.001">
    <system-out><![CDATA[--------------------------------
ノード数: 25
総エッジ数: 53
最大次数: 17
最小次数: 2
平均次数: 4.24

]]></system-out>
  </testcase>
  <testcase name="testER(int, double)[1]" classname="network.NetworkTopologyTest" time="0.003">
    <system-out><![CDATA[--------------------------------
ノード数: 10
総エッジ数: 13
最大次数: 4
最小次数: 1
平均次数: 2.6

]]></system-out>
  </testcase>
  <testcase name="testER(int, double)[2]" classname="network.NetworkTopologyTest" time="0.001">
    <system-out><![CDATA[--------------------------------
ノード数: 20
総エッジ数: 45
最大次数: 8
最小次数: 2
平均次数: 4.5

]]></system-out>
  </testcase>
  <testcase name="testER(int, double)[3]" classname="network.NetworkTopologyTest" time="0.001">
    <system-out><![CDATA[--------------------------------
ノード数: 30
総エッジ数: 46
最大次数: 6
最小次数: 0
平均次数: 3.066666666666667

]]></system-out>
  </testcase>
  <testcase name="testRR(int, int)[1]" classname="network.NetworkTopologyTest" time="0.002">
    <system-out><![CDATA[--------------------------------
ノード数: 10
総エッジ数: 10
最大次数: 2
最小次数: 2
平均次数: 2.0

]]></system-out>
  </testcase>
  <testcase name="testRR(int, int)[2]" classname="network.NetworkTopologyTest" time="0.001">
    <system-out><![CDATA[--------------------------------
ノード数: 20
総エッジ数: 40
最大次数: 4
最小次数: 4
平均次数: 4.0

]]></system-out>
  </testcase>
  <testcase name="testRR(int, int)[3]" classname="network.NetworkTopologyTest" time="0">
    <system-out><![CDATA[--------------------------------
ノード数: 16
総エッジ数: 24
最大次数: 3
最小次数: 3
平均次数: 3.0

]]></system-out>
  </testcase>
  <testcase name="testERErrorCases" classname="network.NetworkTopologyTest" time="0.002"/>
  <testcase name="testBAErrorCases" classname="network.NetworkTopologyTest" time="0"/>
  <testcase name="testRRErrorCases" classname="network.NetworkTopologyTest" time="0"/>
  <testcase name="testGraphStatistics" classname="network.NetworkTopologyTest" time="0.001">
    <system-out><![CDATA[
=== RRグラフ統計 ===
--------------------------------
ノード数: 20
総エッジ数: 40
最大次数: 4
最小次数: 4
平均次数: 4.0


=== ERグラフ統計 ===
--------------------------------
ノード数: 20
総エッジ数: 36
最大次数: 8
最小次数: 1
平均次数: 3.6


=== BAグラフ統計 ===
--------------------------------
ノード数: 20
総エッジ数: 40
最大次数: 14
最小次数: 2
平均次数: 4.0

]]></system-out>
  </testcase>
</testsuite>